<?xml version="1.0" encoding="UTF-8"?>
<testsuite xmlns:xsi="http://www.w3.org/2001/XMLSchema-instance" xsi:noNamespaceSchemaLocation="https://maven.apache.org/surefire/maven-surefire-plugin/xsd/surefire-test-report-3.0.xsd" version="3.0" name="TestSuite" time="22.889" tests="1" errors="0" skipped="0" failures="1">
  <properties>
[...]
</properties>
  <testcase name="LoginFailed1" classname="Bai26Parallel.Testcase.TestcaseSignin" time="14.301">
    <failure message="hic expected [-1000002&#10;user not allowed to log in345.] but found [-1000002&#10;user not allowed to log in.]" type="java.lang.AssertionError"><![CDATA[java.lang.AssertionError: 
hic expected [-1000002
user not allowed to log in345.] but found [-1000002
user not allowed to log in.]
	at org.testng.Assert.fail(Assert.java:99)
	at org.testng.Assert.failNotEquals(Assert.java:1037)
	at org.testng.Assert.assertEqualsImpl(Assert.java:140)
	at org.testng.Assert.assertEquals(Assert.java:122)
	at salary.com.utils.WebUI.verifyEquals(WebUI.java:68)
	at Bai26Parallel.Pages.PageSignin.Loginwrongusername(PageSignin.java:46)
	at Bai26Parallel.Testcase.TestcaseSignin.LoginFailed1(TestcaseSignin.java:87)
	at java.base/jdk.internal.reflect.DirectMethodHandleAccessor.invoke(DirectMethodHandleAccessor.java:104)
	at java.base/java.lang.reflect.Method.invoke(Method.java:577)
	at org.testng.internal.MethodInvocationHelper.invokeMethod(MethodInvocationHelper.java:133)
	at org.testng.internal.TestInvoker.invokeMethod(TestInvoker.java:598)
	at org.testng.internal.TestInvoker.invokeTestMethod(TestInvoker.java:173)
	at org.testng.internal.MethodRunner.runInSequence(MethodRunner.java:46)
	at org.testng.internal.TestInvoker$MethodInvocationAgent.invoke(TestInvoker.java:824)
	at org.testng.internal.TestInvoker.invokeTestMethods(TestInvoker.java:146)
	at org.testng.internal.TestMethodWorker.invokeTestMethods(TestMethodWorker.java:146)
	at org.testng.internal.TestMethodWorker.run(TestMethodWorker.java:128)
	at java.base/java.util.concurrent.ThreadPoolExecutor.runWorker(ThreadPoolExecutor.java:1136)
	at java.base/java.util.concurrent.ThreadPoolExecutor$Worker.run(ThreadPoolExecutor.java:635)
	at java.base/java.lang.Thread.run(Thread.java:833)
]]></failure>
    <system-out><![CDATA[[Configuration] [WARN] Detected a static method [common.BaseTestNew.createDriver()]. Static configuration methods can cause  unexpected behavior.
[Configuration] [WARN] Detected a static method [common.BaseTestNew.closeDriver()]. Static configuration methods can cause  unexpected behavior.
Load file config 
2022-12-10 15:05:55,931 TestNG-tests-1 ERROR File contains an invalid element or attribute "filePattern"
[INFO] 10-12-2022 15:05:56 [TestNG-tests-1] Log - Start suite: Sat Dec 10 15:05:55 CST 2022
Launching Chrome browser...
[INFO] 10-12-2022 15:06:04 [TestNG-test=Regression Parallel CHROME-1] Log - Open:http://172.18.0.246:9292/#/login
[INFO] 10-12-2022 15:06:06 [TestNG-test=Regression Parallel CHROME-1] Log - checkElementExist: true --- By.xpath: //h1[@class='text-center font-bold text-white text-6xl']
[INFO] 10-12-2022 15:06:07 [TestNG-test=Regression Parallel CHROME-1] Log - Set text:admin1on elementBy.xpath: //input[@placeholder='Account']
Screenshot taken: setTextadmin1
[INFO] 10-12-2022 15:06:08 [TestNG-test=Regression Parallel CHROME-1] Log - Set text:123456on elementBy.xpath: //input[@placeholder='Password']
Screenshot taken: setText123456
[INFO] 10-12-2022 15:06:10 [TestNG-test=Regression Parallel CHROME-1] Log - Click:By.xpath: //button[@type='button']
Screenshot taken: clickElement
[INFO] 10-12-2022 15:06:11 [TestNG-test=Regression Parallel CHROME-1] Log - checkElementExist: true --- By.xpath: //div[@class='p-toast p-component p-toast-top-right']
[INFO] 10-12-2022 15:06:13 [TestNG-test=Regression Parallel CHROME-1] Log - Get text:-1000002
user not allowed to log in.
[INFO] 10-12-2022 15:06:14 [TestNG-test=Regression Parallel CHROME-1] Log - Verify equals: -1000002
user not allowed to log in.and-1000002
user not allowed to log in345.
LoginFailed1is failed
Screenshot taken: LoginFailed1
[ERROR] 10-12-2022 15:06:14 [TestNG-test=Regression Parallel CHROME-1] Log - LoginFailed1is failed
]]></system-out>
    <system-err><![CDATA[[TestNG-test=Regression Parallel CHROME-1] INFO io.github.bonigarcia.wdm.WebDriverManager - Using chromedriver 108.0.5359.71 (resolved driver for Chrome 108)
[TestNG-test=Regression Parallel CHROME-1] INFO io.github.bonigarcia.wdm.WebDriverManager - Exporting webdriver.chrome.driver as C:\Users\CAIWU\.cache\selenium\chromedriver\win32\108.0.5359.71\chromedriver.exe
Starting ChromeDriver 108.0.5359.71 (1e0e3868ee06e91ad636a874420e3ca3ae3756ac-refs/branch-heads/5359@{#1016}) on port 62372
Only local connections are allowed.
Please see https://chromedriver.chromium.org/security-considerations for suggestions on keeping ChromeDriver safe.
ChromeDriver was started successfully.
12月 10, 2022 3:05:59 下午 org.openqa.selenium.remote.ProtocolHandshake createSession
INFO: Detected upstream dialect: W3C
12月 10, 2022 3:05:59 下午 org.openqa.selenium.devtools.CdpVersionFinder findNearestMatch
WARNING: Unable to find an exact match for CDP version 108, so returning the closest version found: 106
12月 10, 2022 3:05:59 下午 org.openqa.selenium.devtools.CdpVersionFinder findNearestMatch
INFO: Found CDP implementation for version 108 of 106
]]></system-err>
  </testcase>
</testsuite>