<?xml version="1.0" encoding="UTF-8"?>
<!-- Generated by org.testng.reporters.JUnitXMLReporter -->
<testsuite ignored="4" hostname="7F6808" failures="1" tests="1" name="Regression Parallel CHROME" time="20.674" errors="0" timestamp="2022-12-10T15:06:17 CST">
  <testcase classname="Bai26Parallel.Testcase.TestcaseSignin" name="LoginFailed1" time="13.659">
    <failure type="java.lang.AssertionError" message="hic expected [-1000002
user not allowed to log in345.] but found [-1000002
user not allowed to log in.]">
      <![CDATA[java.lang.AssertionError: hic expected [-1000002
user not allowed to log in345.] but found [-1000002
user not allowed to log in.]
at salary.com.utils.WebUI.verifyEquals(WebUI.java:68)
at Bai26Parallel.Pages.PageSignin.Loginwrongusername(PageSignin.java:46)
at Bai26Parallel.Testcase.TestcaseSignin.LoginFailed1(TestcaseSignin.java:87)
at java.base/java.util.concurrent.ThreadPoolExecutor.runWorker(ThreadPoolExecutor.java:1136)
at java.base/java.util.concurrent.ThreadPoolExecutor$Worker.run(ThreadPoolExecutor.java:635)
at java.base/java.lang.Thread.run(Thread.java:833)
... Removed 14 stack frames]]>
    </failure>
  </testcase> <!-- LoginFailed1 -->
  <testcase classname="Bai26Parallel.Testcase.TestcaseSignin" name="LoginOASuccess" time="0.0">
    <ignored/>
  </testcase> <!-- LoginOASuccess -->
  <testcase classname="Bai26Parallel.Testcase.TestcaseSignin" name="LoginSuccess" time="0.0">
    <ignored/>
  </testcase> <!-- LoginSuccess -->
  <testcase classname="Bai26Parallel.Testcase.TestcaseSignin" name="LoginOAFail" time="0.0">
    <ignored/>
  </testcase> <!-- LoginOAFail -->
  <testcase classname="Bai26Parallel.Testcase.TestcaseSignin" name="LoginFailed2" time="0.0">
    <ignored/>
  </testcase> <!-- LoginFailed2 -->
</testsuite> <!-- Regression Parallel CHROME -->
